2025-09-03T21:24:15.123+05:30  INFO 10196 --- [Back_End] [main] l.i.g.back_end.BackEndApplicationTests   : Starting BackEndApplicationTests using Java 24.0.1 with PID 10196 (started by LENOVO in D:\IJSE GDSE72\AAD B72\ASSESMENTS\PawPal\Back_End)
2025-09-03T21:24:15.130+05:30 DEBUG 10196 --- [Back_End] [main] l.i.g.back_end.BackEndApplicationTests   : Running with Spring Boot v3.5.4, Spring v6.2.9
2025-09-03T21:24:15.131+05:30  INFO 10196 --- [Back_End] [main] l.i.g.back_end.BackEndApplicationTests   : No active profile set, falling back to 1 default profile: "default"
2025-09-03T21:24:15.179+05:30 DEBUG 10196 --- [Back_End] [main] o.s.w.c.s.GenericWebApplicationContext   : Refreshing org.springframework.web.context.support.GenericWebApplicationContext@1c05a54d
2025-09-03T21:24:16.460+05:30  INFO 10196 --- [Back_End] [main] .s.d.r.c.RepositoryConfigurationDelegate : Bootstrapping Spring Data JPA repositories in DEFAULT mode.
2025-09-03T21:24:16.587+05:30  INFO 10196 --- [Back_End] [main] .s.d.r.c.RepositoryConfigurationDelegate : Finished Spring Data repository scanning in 103 ms. Found 7 JPA repository interfaces.
2025-09-03T21:24:17.581+05:30  INFO 10196 --- [Back_End] [main] o.hibernate.jpa.internal.util.LogHelper  : HHH000204: Processing PersistenceUnitInfo [name: default]
2025-09-03T21:24:17.704+05:30  INFO 10196 --- [Back_End] [main] org.hibernate.Version                    : HHH000412: Hibernate ORM core version 6.6.22.Final
2025-09-03T21:24:17.763+05:30  INFO 10196 --- [Back_End] [main] o.h.c.internal.RegionFactoryInitiator    : HHH000026: Second-level cache disabled
2025-09-03T21:24:18.303+05:30  INFO 10196 --- [Back_End] [main] o.s.o.j.p.SpringPersistenceUnitInfo      : No LoadTimeWeaver setup: ignoring JPA class transformer
2025-09-03T21:24:18.338+05:30  INFO 10196 --- [Back_End] [main] com.zaxxer.hikari.HikariDataSource       : HikariPool-1 - Starting...
2025-09-03T21:24:18.837+05:30  INFO 10196 --- [Back_End] [main] com.zaxxer.hikari.pool.HikariPool        : HikariPool-1 - Added connection com.mysql.cj.jdbc.ConnectionImpl@578b2dec
2025-09-03T21:24:18.840+05:30  INFO 10196 --- [Back_End] [main] com.zaxxer.hikari.HikariDataSource       : HikariPool-1 - Start completed.
2025-09-03T21:24:18.908+05:30  WARN 10196 --- [Back_End] [main] org.hibernate.orm.deprecation            : HHH90000025: MySQLDialect does not need to be specified explicitly using 'hibernate.dialect' (remove the property setting and it will be selected by default)
2025-09-03T21:24:18.924+05:30  INFO 10196 --- [Back_End] [main] org.hibernate.orm.connections.pooling    : HHH10001005: Database info:
	Database JDBC URL [Connecting through datasource 'HikariDataSource (HikariPool-1)']
	Database driver: undefined/unknown
	Database version: 8.0.37
	Autocommit mode: undefined/unknown
	Isolation level: undefined/unknown
	Minimum pool size: undefined/unknown
	Maximum pool size: undefined/unknown
2025-09-03T21:24:20.176+05:30  INFO 10196 --- [Back_End] [main] o.h.e.t.j.p.i.JtaPlatformInitiator       : HHH000489: No JTA platform available (set 'hibernate.transaction.jta.platform' to enable JTA platform integration)
2025-09-03T21:24:20.280+05:30  INFO 10196 --- [Back_End] [main] j.LocalContainerEntityManagerFactoryBean : Initialized JPA EntityManagerFactory for persistence unit 'default'
2025-09-03T21:24:21.058+05:30  WARN 10196 --- [Back_End] [main] JpaBaseConfiguration$JpaWebConfiguration : spring.jpa.open-in-view is enabled by default. Therefore, database queries may be performed during view rendering. Explicitly configure spring.jpa.open-in-view to disable this warning
2025-09-03T21:24:21.126+05:30  INFO 10196 --- [Back_End] [main] eAuthenticationProviderManagerConfigurer : Global AuthenticationManager configured with AuthenticationProvider bean with name authenticationProvider
2025-09-03T21:24:21.127+05:30  WARN 10196 --- [Back_End] [main] r$InitializeUserDetailsManagerConfigurer : Global AuthenticationManager configured with an AuthenticationProvider bean. UserDetailsService beans will not be used by Spring Security for automatically configuring username/password login. Consider removing the AuthenticationProvider bean. Alternatively, consider using the UserDetailsService in a manually instantiated DaoAuthenticationProvider. If the current configuration is intentional, to turn off this warning, increase the logging level of 'org.springframework.security.config.annotation.authentication.configuration.InitializeUserDetailsBeanManagerConfigurer' to ERROR
2025-09-03T21:24:21.382+05:30 DEBUG 10196 --- [Back_End] [main] s.w.s.m.m.a.RequestMappingHandlerMapping : 29 mappings in 'requestMappingHandlerMapping'
2025-09-03T21:24:21.575+05:30 DEBUG 10196 --- [Back_End] [main] o.s.w.s.handler.SimpleUrlHandlerMapping  : Patterns [/webjars/**, /**] in 'resourceHandlerMapping'
2025-09-03T21:24:21.899+05:30 DEBUG 10196 --- [Back_End] [main] s.w.s.m.m.a.RequestMappingHandlerAdapter : ControllerAdvice beans: 0 @ModelAttribute, 0 @InitBinder, 1 RequestBodyAdvice, 1 ResponseBodyAdvice
2025-09-03T21:24:21.966+05:30 DEBUG 10196 --- [Back_End] [main] .m.m.a.ExceptionHandlerExceptionResolver : ControllerAdvice beans: 1 @ExceptionHandler, 1 ResponseBodyAdvice
2025-09-03T21:24:22.161+05:30  INFO 10196 --- [Back_End] [main] l.i.g.back_end.BackEndApplicationTests   : Started BackEndApplicationTests in 7.63 seconds (process running for 9.13)
2025-09-03T21:24:22.638+05:30 DEBUG 10196 --- [Back_End] [SpringApplicationShutdownHook] o.s.w.c.s.GenericWebApplicationContext   : Closing org.springframework.web.context.support.GenericWebApplicationContext@1c05a54d, started on Wed Sep 03 21:24:15 IST 2025
2025-09-03T21:24:22.643+05:30  INFO 10196 --- [Back_End] [SpringApplicationShutdownHook] j.LocalContainerEntityManagerFactoryBean : Closing JPA EntityManagerFactory for persistence unit 'default'
2025-09-03T21:24:22.646+05:30  INFO 10196 --- [Back_End] [SpringApplicationShutdownHook] com.zaxxer.hikari.HikariDataSource       : HikariPool-1 - Shutdown initiated...
2025-09-03T21:24:22.661+05:30  INFO 10196 --- [Back_End] [SpringApplicationShutdownHook] com.zaxxer.hikari.HikariDataSource       : HikariPool-1 - Shutdown completed.
