2025-09-08T21:16:44.911+05:30  INFO 14472 --- [Back_End] [main] lk.ijse.gdse.back_end.Application        : Starting Application using Java 21.0.5 with PID 14472 (D:\IJSE GDSE72\AAD B72\ASSESMENTS\PawPal\Back_End\target\classes started by LENOVO in D:\IJSE GDSE72\AAD B72\ASSESMENTS\PawPal)
2025-09-08T21:16:44.917+05:30 DEBUG 14472 --- [Back_End] [main] lk.ijse.gdse.back_end.Application        : Running with Spring Boot v3.5.4, Spring v6.2.9
2025-09-08T21:16:44.918+05:30  INFO 14472 --- [Back_End] [main] lk.ijse.gdse.back_end.Application        : No active profile set, falling back to 1 default profile: "default"
2025-09-08T21:16:45.810+05:30  INFO 14472 --- [Back_End] [main] .s.d.r.c.RepositoryConfigurationDelegate : Bootstrapping Spring Data JPA repositories in DEFAULT mode.
2025-09-08T21:16:45.899+05:30  INFO 14472 --- [Back_End] [main] .s.d.r.c.RepositoryConfigurationDelegate : Finished Spring Data repository scanning in 79 ms. Found 8 JPA repository interfaces.
2025-09-08T21:16:46.525+05:30  INFO 14472 --- [Back_End] [main] o.s.b.w.embedded.tomcat.TomcatWebServer  : Tomcat initialized with port 8080 (http)
2025-09-08T21:16:46.541+05:30  INFO 14472 --- [Back_End] [main] o.apache.catalina.core.StandardService   : Starting service [Tomcat]
2025-09-08T21:16:46.541+05:30  INFO 14472 --- [Back_End] [main] o.apache.catalina.core.StandardEngine    : Starting Servlet engine: [Apache Tomcat/10.1.43]
2025-09-08T21:16:46.596+05:30  INFO 14472 --- [Back_End] [main] o.a.c.c.C.[Tomcat].[localhost].[/]       : Initializing Spring embedded WebApplicationContext
2025-09-08T21:16:46.597+05:30  INFO 14472 --- [Back_End] [main] w.s.c.ServletWebServerApplicationContext : Root WebApplicationContext: initialization completed in 1598 ms
2025-09-08T21:16:46.774+05:30  INFO 14472 --- [Back_End] [main] o.hibernate.jpa.internal.util.LogHelper  : HHH000204: Processing PersistenceUnitInfo [name: default]
2025-09-08T21:16:46.924+05:30  INFO 14472 --- [Back_End] [main] org.hibernate.Version                    : HHH000412: Hibernate ORM core version 6.6.22.Final
2025-09-08T21:16:46.993+05:30  INFO 14472 --- [Back_End] [main] o.h.c.internal.RegionFactoryInitiator    : HHH000026: Second-level cache disabled
2025-09-08T21:16:47.300+05:30  INFO 14472 --- [Back_End] [main] o.s.o.j.p.SpringPersistenceUnitInfo      : No LoadTimeWeaver setup: ignoring JPA class transformer
2025-09-08T21:16:47.333+05:30  INFO 14472 --- [Back_End] [main] com.zaxxer.hikari.HikariDataSource       : HikariPool-1 - Starting...
2025-09-08T21:16:47.857+05:30  INFO 14472 --- [Back_End] [main] com.zaxxer.hikari.pool.HikariPool        : HikariPool-1 - Added connection com.mysql.cj.jdbc.ConnectionImpl@6ae6d078
2025-09-08T21:16:47.860+05:30  INFO 14472 --- [Back_End] [main] com.zaxxer.hikari.HikariDataSource       : HikariPool-1 - Start completed.
2025-09-08T21:16:47.937+05:30  WARN 14472 --- [Back_End] [main] org.hibernate.orm.deprecation            : HHH90000025: MySQLDialect does not need to be specified explicitly using 'hibernate.dialect' (remove the property setting and it will be selected by default)
2025-09-08T21:16:47.954+05:30  INFO 14472 --- [Back_End] [main] org.hibernate.orm.connections.pooling    : HHH10001005: Database info:
	Database JDBC URL [Connecting through datasource 'HikariDataSource (HikariPool-1)']
	Database driver: undefined/unknown
	Database version: 8.0.37
	Autocommit mode: undefined/unknown
	Isolation level: undefined/unknown
	Minimum pool size: undefined/unknown
	Maximum pool size: undefined/unknown
2025-09-08T21:16:49.144+05:30  INFO 14472 --- [Back_End] [main] o.h.e.t.j.p.i.JtaPlatformInitiator       : HHH000489: No JTA platform available (set 'hibernate.transaction.jta.platform' to enable JTA platform integration)
2025-09-08T21:16:49.304+05:30  INFO 14472 --- [Back_End] [main] j.LocalContainerEntityManagerFactoryBean : Initialized JPA EntityManagerFactory for persistence unit 'default'
2025-09-08T21:16:49.667+05:30 DEBUG 14472 --- [Back_End] [main] l.ijse.gdse.back_end.util.JwtAuthFilter  : Filter 'jwtAuthFilter' configured for use
2025-09-08T21:16:49.982+05:30  WARN 14472 --- [Back_End] [main] JpaBaseConfiguration$JpaWebConfiguration : spring.jpa.open-in-view is enabled by default. Therefore, database queries may be performed during view rendering. Explicitly configure spring.jpa.open-in-view to disable this warning
2025-09-08T21:16:50.024+05:30  INFO 14472 --- [Back_End] [main] eAuthenticationProviderManagerConfigurer : Global AuthenticationManager configured with AuthenticationProvider bean with name authenticationProvider
2025-09-08T21:16:50.024+05:30  WARN 14472 --- [Back_End] [main] r$InitializeUserDetailsManagerConfigurer : Global AuthenticationManager configured with an AuthenticationProvider bean. UserDetailsService beans will not be used by Spring Security for automatically configuring username/password login. Consider removing the AuthenticationProvider bean. Alternatively, consider using the UserDetailsService in a manually instantiated DaoAuthenticationProvider. If the current configuration is intentional, to turn off this warning, increase the logging level of 'org.springframework.security.config.annotation.authentication.configuration.InitializeUserDetailsBeanManagerConfigurer' to ERROR
2025-09-08T21:16:50.230+05:30 DEBUG 14472 --- [Back_End] [main] s.w.s.m.m.a.RequestMappingHandlerMapping : 36 mappings in 'requestMappingHandlerMapping'
2025-09-08T21:16:50.346+05:30 DEBUG 14472 --- [Back_End] [main] o.s.w.s.handler.SimpleUrlHandlerMapping  : Patterns [/webjars/**, /**] in 'resourceHandlerMapping'
2025-09-08T21:16:50.470+05:30 DEBUG 14472 --- [Back_End] [main] s.w.s.m.m.a.RequestMappingHandlerAdapter : ControllerAdvice beans: 0 @ModelAttribute, 0 @InitBinder, 1 RequestBodyAdvice, 1 ResponseBodyAdvice
2025-09-08T21:16:50.529+05:30 DEBUG 14472 --- [Back_End] [main] .m.m.a.ExceptionHandlerExceptionResolver : ControllerAdvice beans: 1 @ExceptionHandler, 1 ResponseBodyAdvice
2025-09-08T21:16:50.734+05:30  INFO 14472 --- [Back_End] [main] o.s.b.w.embedded.tomcat.TomcatWebServer  : Tomcat started on port 8080 (http) with context path '/'
2025-09-08T21:16:50.741+05:30  INFO 14472 --- [Back_End] [main] lk.ijse.gdse.back_end.Application        : Started Application in 6.479 seconds (process running for 13.11)
2025-09-08T21:17:05.858+05:30  INFO 14472 --- [Back_End] [http-nio-8080-exec-1] o.a.c.c.C.[Tomcat].[localhost].[/]       : Initializing Spring DispatcherServlet 'dispatcherServlet'
2025-09-08T21:17:05.858+05:30  INFO 14472 --- [Back_End] [http-nio-8080-exec-1] o.s.web.servlet.DispatcherServlet        : Initializing Servlet 'dispatcherServlet'
2025-09-08T21:17:05.858+05:30 DEBUG 14472 --- [Back_End] [http-nio-8080-exec-1] o.s.web.servlet.DispatcherServlet        : Detected StandardServletMultipartResolver
2025-09-08T21:17:05.858+05:30 DEBUG 14472 --- [Back_End] [http-nio-8080-exec-1] o.s.web.servlet.DispatcherServlet        : Detected AcceptHeaderLocaleResolver
2025-09-08T21:17:05.858+05:30 DEBUG 14472 --- [Back_End] [http-nio-8080-exec-1] o.s.web.servlet.DispatcherServlet        : Detected FixedThemeResolver
2025-09-08T21:17:05.863+05:30 DEBUG 14472 --- [Back_End] [http-nio-8080-exec-1] o.s.web.servlet.DispatcherServlet        : Detected org.springframework.web.servlet.view.DefaultRequestToViewNameTranslator@27de9336
2025-09-08T21:17:05.864+05:30 DEBUG 14472 --- [Back_End] [http-nio-8080-exec-1] o.s.web.servlet.DispatcherServlet        : Detected org.springframework.web.servlet.support.SessionFlashMapManager@4163f505
2025-09-08T21:17:05.864+05:30 DEBUG 14472 --- [Back_End] [http-nio-8080-exec-1] o.s.web.servlet.DispatcherServlet        : enableLoggingRequestDetails='false': request parameters and headers will be masked to prevent unsafe logging of potentially sensitive data
2025-09-08T21:17:05.864+05:30  INFO 14472 --- [Back_End] [http-nio-8080-exec-1] o.s.web.servlet.DispatcherServlet        : Completed initialization in 6 ms
2025-09-08T21:17:05.978+05:30 DEBUG 14472 --- [Back_End] [http-nio-8080-exec-3] o.s.web.servlet.DispatcherServlet        : POST "/auth/login", parameters={}
2025-09-08T21:17:05.979+05:30 DEBUG 14472 --- [Back_End] [http-nio-8080-exec-3] s.w.s.m.m.a.RequestMappingHandlerMapping : Mapped to lk.ijse.gdse.back_end.controller.AuthController#login(AuthDTO)
2025-09-08T21:17:06.140+05:30 DEBUG 14472 --- [Back_End] [http-nio-8080-exec-3] m.m.a.RequestResponseBodyMethodProcessor : Read "application/json;charset=UTF-8" to [AuthDTO(email=anjanahesh@gmail.com, password=anjana)]
2025-09-08T21:17:06.826+05:30 DEBUG 14472 --- [Back_End] [http-nio-8080-exec-3] o.s.w.s.m.m.a.HttpEntityMethodProcessor  : Using 'application/json', given [*/*] and supported [application/json, application/*+json]
2025-09-08T21:17:06.835+05:30 DEBUG 14472 --- [Back_End] [http-nio-8080-exec-3] o.s.w.s.m.m.a.HttpEntityMethodProcessor  : Writing [ApiResponse(status=200, message=OK, data=AuthResponseDTO(accessToken=eyJhbGciOiJIUzI1NiJ9.eyJzdWIiOi (truncated)...]
2025-09-08T21:17:06.851+05:30 DEBUG 14472 --- [Back_End] [http-nio-8080-exec-3] o.s.web.servlet.DispatcherServlet        : Completed 200 OK
2025-09-08T21:45:36.095+05:30 DEBUG 14472 --- [Back_End] [http-nio-8080-exec-5] o.s.web.servlet.DispatcherServlet        : POST "/auth/login", parameters={}
2025-09-08T21:45:36.095+05:30 DEBUG 14472 --- [Back_End] [http-nio-8080-exec-5] s.w.s.m.m.a.RequestMappingHandlerMapping : Mapped to lk.ijse.gdse.back_end.controller.AuthController#login(AuthDTO)
2025-09-08T21:45:36.097+05:30 DEBUG 14472 --- [Back_End] [http-nio-8080-exec-5] m.m.a.RequestResponseBodyMethodProcessor : Read "application/json;charset=UTF-8" to [AuthDTO(email=anjanahesh@gmail.com, password=anjana)]
2025-09-08T21:45:36.202+05:30 DEBUG 14472 --- [Back_End] [http-nio-8080-exec-5] o.s.w.s.m.m.a.HttpEntityMethodProcessor  : Using 'application/json', given [*/*] and supported [application/json, application/*+json]
2025-09-08T21:45:36.202+05:30 DEBUG 14472 --- [Back_End] [http-nio-8080-exec-5] o.s.w.s.m.m.a.HttpEntityMethodProcessor  : Writing [ApiResponse(status=200, message=OK, data=AuthResponseDTO(accessToken=eyJhbGciOiJIUzI1NiJ9.eyJzdWIiOi (truncated)...]
2025-09-08T21:45:36.203+05:30 DEBUG 14472 --- [Back_End] [http-nio-8080-exec-5] o.s.web.servlet.DispatcherServlet        : Completed 200 OK
2025-09-08T21:59:30.681+05:30  INFO 14472 --- [Back_End] [SpringApplicationShutdownHook] o.s.b.w.e.tomcat.GracefulShutdown        : Commencing graceful shutdown. Waiting for active requests to complete
2025-09-08T21:59:30.696+05:30  INFO 14472 --- [Back_End] [tomcat-shutdown] o.s.b.w.e.tomcat.GracefulShutdown        : Graceful shutdown complete
2025-09-08T21:59:30.703+05:30  INFO 14472 --- [Back_End] [SpringApplicationShutdownHook] j.LocalContainerEntityManagerFactoryBean : Closing JPA EntityManagerFactory for persistence unit 'default'
2025-09-08T21:59:30.704+05:30  INFO 14472 --- [Back_End] [SpringApplicationShutdownHook] com.zaxxer.hikari.HikariDataSource       : HikariPool-1 - Shutdown initiated...
2025-09-08T21:59:30.707+05:30  INFO 14472 --- [Back_End] [SpringApplicationShutdownHook] com.zaxxer.hikari.HikariDataSource       : HikariPool-1 - Shutdown completed.
